TN:
SF:src/DeterministicDeployFactory.sol
DA:7,0
FN:7,DeterministicDeployFactory.deploy
FNDA:0,DeterministicDeployFactory.deploy
DA:8,0
DA:10,0
DA:11,0
BRDA:11,0,0,-
DA:12,0
DA:15,0
DA:16,0
DA:20,0
FN:20,DeterministicDeployFactory.computeAddress
FNDA:0,DeterministicDeployFactory.computeAddress
DA:21,0
DA:29,0
FNF:2
FNH:0
LF:10
LH:0
BRF:1
BRH:0
end_of_record
TN:
SF:src/HybridFHERC20.sol
DA:32,25
FN:32,HybridFHERC20.constructor
FNDA:25,HybridFHERC20.constructor
DA:33,25
DA:34,25
DA:41,2
FN:41,HybridFHERC20.decimals
FNDA:2,HybridFHERC20.decimals
DA:42,2
DA:46,0
FN:46,HybridFHERC20.mint
FNDA:0,HybridFHERC20.mint
DA:47,0
DA:51,0
FN:51,HybridFHERC20.burn
FNDA:0,HybridFHERC20.burn
DA:52,0
DA:56,0
FN:56,HybridFHERC20.mintEncrypted.0
FNDA:0,HybridFHERC20.mintEncrypted.0
DA:57,0
DA:60,28
FN:60,HybridFHERC20.mintEncrypted.1
FNDA:28,HybridFHERC20.mintEncrypted.1
DA:61,28
DA:64,28
FN:64,HybridFHERC20._mintEnc
FNDA:28,HybridFHERC20._mintEnc
DA:65,28
DA:66,28
DA:68,28
DA:69,28
DA:70,28
DA:74,0
FN:74,HybridFHERC20.burnEncrypted.0
FNDA:0,HybridFHERC20.burnEncrypted.0
DA:75,0
DA:78,0
FN:78,HybridFHERC20.burnEncrypted.1
FNDA:0,HybridFHERC20.burnEncrypted.1
DA:79,0
DA:82,0
FN:82,HybridFHERC20._burnEnc
FNDA:0,HybridFHERC20._burnEnc
DA:83,0
DA:84,0
DA:85,0
DA:87,0
DA:88,0
DA:89,0
DA:92,0
FN:92,HybridFHERC20._calculateBurnAmount
FNDA:0,HybridFHERC20._calculateBurnAmount
DA:93,0
DA:97,0
FN:97,HybridFHERC20.transferEncrypted.0
FNDA:0,HybridFHERC20.transferEncrypted.0
DA:98,0
DA:101,4
FN:101,HybridFHERC20.transferEncrypted.1
FNDA:4,HybridFHERC20.transferEncrypted.1
DA:102,4
DA:105,0
FN:105,HybridFHERC20.transferFromEncrypted.0
FNDA:0,HybridFHERC20.transferFromEncrypted.0
DA:106,0
DA:109,19
FN:109,HybridFHERC20.transferFromEncrypted.1
FNDA:19,HybridFHERC20.transferFromEncrypted.1
DA:110,19
DA:113,23
FN:113,HybridFHERC20._transferImpl
FNDA:23,HybridFHERC20._transferImpl
DA:115,23
BRDA:115,0,0,-
DA:116,0
DA:118,23
BRDA:118,1,0,-
DA:119,0
DA:123,23
DA:126,23
DA:127,23
DA:130,23
DA:131,23
DA:134,23
DA:135,23
DA:137,0
DA:141,0
FN:141,HybridFHERC20.decryptBalance
FNDA:0,HybridFHERC20.decryptBalance
DA:142,0
DA:145,0
FN:145,HybridFHERC20.getDecryptBalanceResult
FNDA:0,HybridFHERC20.getDecryptBalanceResult
DA:146,0
DA:149,0
FN:149,HybridFHERC20.getDecryptBalanceResultSafe
FNDA:0,HybridFHERC20.getDecryptBalanceResultSafe
DA:150,0
DA:154,0
FN:154,HybridFHERC20.wrap
FNDA:0,HybridFHERC20.wrap
DA:155,0
DA:158,0
FN:158,HybridFHERC20._wrap
FNDA:0,HybridFHERC20._wrap
DA:160,0
DA:163,0
DA:167,0
FN:167,HybridFHERC20.requestUnwrap.0
FNDA:0,HybridFHERC20.requestUnwrap.0
DA:168,0
DA:171,0
FN:171,HybridFHERC20.requestUnwrap.1
FNDA:0,HybridFHERC20.requestUnwrap.1
DA:172,0
DA:175,0
FN:175,HybridFHERC20.getUnwrapResult
FNDA:0,HybridFHERC20.getUnwrapResult
DA:176,0
DA:179,0
FN:179,HybridFHERC20.getUnwrapResultSafe
FNDA:0,HybridFHERC20.getUnwrapResultSafe
DA:180,0
DA:183,0
FN:183,HybridFHERC20._requestUnwrap
FNDA:0,HybridFHERC20._requestUnwrap
DA:184,0
DA:186,0
DA:187,0
DA:189,0
DA:192,0
FN:192,HybridFHERC20._getUnwrapResult
FNDA:0,HybridFHERC20._getUnwrapResult
DA:193,0
DA:196,0
DA:199,0
DA:202,0
FN:202,HybridFHERC20._getUnwrapResultSafe
FNDA:0,HybridFHERC20._getUnwrapResultSafe
DA:203,0
DA:205,0
BRDA:205,2,0,-
DA:206,0
DA:210,0
DA:213,0
FNF:28
FNH:7
LF:87
LH:27
BRF:3
BRH:0
end_of_record
TN:
SF:src/UniversalPrivacyHook.sol
DA:150,24
FN:150,UniversalPrivacyHook.setTradeManager
FNDA:24,UniversalPrivacyHook.setTradeManager
DA:151,24
BRDA:151,0,0,-
BRDA:151,0,1,-
DA:152,24
DA:159,26
FN:159,UniversalPrivacyHook.getHookPermissions
FNDA:26,UniversalPrivacyHook.getHookPermissions
DA:160,26
DA:188,27
FN:188,UniversalPrivacyHook.deposit
FNDA:27,UniversalPrivacyHook.deposit
DA:193,27
DA:196,27
BRDA:196,1,0,-
BRDA:196,1,1,-
DA:199,27
BRDA:199,2,0,26
BRDA:199,2,1,10
DA:202,25
DA:205,25
DA:208,25
DA:209,25
DA:210,25
DA:211,25
DA:214,25
DA:216,25
DA:230,21
FN:230,UniversalPrivacyHook.submitIntent
FNDA:21,UniversalPrivacyHook.submitIntent
DA:237,21
DA:240,21
BRDA:240,3,0,7
BRDA:240,3,1,6
DA:244,21
DA:245,20
DA:248,20
DA:249,20
BRDA:249,4,0,-
BRDA:249,4,1,-
DA:252,19
DA:255,20
DA:258,19
DA:259,19
DA:262,19
BRDA:262,5,0,17
DA:264,17
BRDA:264,6,0,6
DA:265,6
DA:269,17
DA:270,17
DA:271,17
DA:278,17
DA:282,19
DA:283,19
DA:295,19
DA:297,19
DA:307,1
FN:307,UniversalPrivacyHook.withdraw
FNDA:1,UniversalPrivacyHook.withdraw
DA:313,1
DA:316,1
DA:317,1
BRDA:317,7,0,-
BRDA:317,7,1,-
DA:320,0
DA:321,0
DA:322,0
DA:325,0
DA:328,0
DA:331,0
DA:333,0
DA:340,1
FN:340,UniversalPrivacyHook._beforeSwap
FNDA:1,UniversalPrivacyHook._beforeSwap
DA:348,1
BRDA:348,8,0,1
DA:349,1
DA:353,1
DA:360,25
FN:360,UniversalPrivacyHook._getOrCreateEncryptedToken
FNDA:25,UniversalPrivacyHook._getOrCreateEncryptedToken
DA:361,25
DA:363,25
BRDA:363,9,0,25
DA:365,25
DA:366,25
DA:367,25
DA:369,25
DA:370,25
DA:372,25
DA:375,25
DA:378,25
FN:378,UniversalPrivacyHook._getCurrencySymbol
FNDA:25,UniversalPrivacyHook._getCurrencySymbol
DA:380,25
BRDA:380,10,0,25
DA:381,25
DA:382,0
BRDA:382,10,1,-
DA:384,0
DA:396,5
FN:396,UniversalPrivacyHook.finalizeBatch
FNDA:5,UniversalPrivacyHook.finalizeBatch
DA:397,5
DA:398,5
BRDA:398,11,0,-
BRDA:398,11,1,-
DA:400,3
DA:401,3
BRDA:401,12,0,-
BRDA:401,12,1,-
DA:402,3
BRDA:402,13,0,-
BRDA:402,13,1,-
DA:403,3
BRDA:403,14,0,-
BRDA:403,14,1,-
DA:405,5
DA:413,8
FN:413,UniversalPrivacyHook._finalizeBatch
FNDA:8,UniversalPrivacyHook._finalizeBatch
DA:414,8
DA:417,8
DA:418,8
DA:421,8
DA:423,8
DA:424,10
DA:427,10
DA:435,10
DA:439,8
BRDA:439,15,0,7
DA:440,7
DA:448,7
DA:452,8
DA:454,8
DA:455,8
DA:484,8
FN:484,UniversalPrivacyHook.settleBatch
FNDA:8,UniversalPrivacyHook.settleBatch
DA:494,8
BRDA:494,16,0,-
BRDA:494,16,1,-
DA:495,7
BRDA:495,17,0,-
BRDA:495,17,1,-
DA:497,6
DA:498,6
BRDA:498,18,0,-
BRDA:498,18,1,-
DA:499,6
BRDA:499,19,0,-
BRDA:499,19,1,-
DA:502,5
DA:503,5
DA:506,5
DA:507,4
DA:510,4
DA:513,4
DA:516,4
DA:519,4
DA:523,5
BRDA:523,20,0,3
DA:525,3
DA:528,3
DA:537,3
DA:540,3
BRDA:540,21,0,-
BRDA:540,21,1,-
DA:543,3
DA:545,3
DA:546,3
DA:549,3
DA:552,3
DA:553,3
DA:554,3
DA:556,3
DA:561,5
DA:564,5
DA:565,7
DA:568,5
DA:575,3
FN:575,UniversalPrivacyHook.unlockCallback
FNDA:3,UniversalPrivacyHook.unlockCallback
DA:577,3
DA:578,3
DA:580,3
DA:583,3
DA:586,3
DA:594,3
DA:597,3
DA:598,3
DA:601,3
BRDA:601,22,0,3
DA:602,3
DA:604,3
BRDA:604,23,0,-
DA:605,0
DA:607,3
BRDA:607,24,0,-
DA:608,0
DA:610,3
BRDA:610,25,0,3
DA:611,3
DA:615,3
DA:616,3
BRDA:616,26,0,-
BRDA:616,26,1,3
DA:617,0
BRDA:617,27,0,-
BRDA:617,27,1,-
DA:618,0
DA:620,3
BRDA:620,28,0,-
BRDA:620,28,1,-
DA:621,3
DA:625,3
DA:626,3
DA:629,3
DA:631,3
DA:633,3
FNF:12
FNH:12
LF:151
LH:138
BRF:48
BRH:14
end_of_record
